<?xml version="1.0" encoding="UTF-8"?>
<!-- Generated by org.testng.reporters.JUnitXMLReporter -->
<testsuite hostname="Omers-MacBook-Pro.local" ignored="0" name="Default test" tests="2" failures="0" timestamp="2020-10-05T13:52:03 EDT" time="51.501" errors="0">
  <testcase name="getPageTitle" time="0.326" classname="com.qa.verizon.test.SamsungS20PageTest"/>
  <testcase name="preOrderComponents" time="25.785" classname="com.qa.verizon.test.SamsungS20PageTest"/>
</testsuite> <!-- Default test -->
